<?xml version="1.0" encoding="UTF-8"?>
<!-- Generated by org.testng.reporters.JUnitXMLReporter -->
<testsuite hostname="shishir-Lenovo-B40-70" name="Default test" tests="1" failures="1" timestamp="2 Dec 2016 11:38:25 GMT" time="20.491" errors="0">
  <testcase name="newQuestion" time="20.436" classname="Base.Test1">
    <failure type="org.openqa.selenium.StaleElementReferenceException" message="The element reference is stale. Either the element is no longer attached to the DOM or the page has been refreshed. (WARNING: The server did not provide any stacktrace information)
Command duration or timeout: 34 milliseconds
For documentation on this error, please visit: http://seleniumhq.org/exceptions/stale_element_reference.html
Build info: version: &amp;apos;unknown&amp;apos;, revision: &amp;apos;c7b525d&amp;apos;, time: &amp;apos;2016-09-01 14:52:30 -0700&amp;apos;
System info: host: &amp;apos;shishir-Lenovo-B40-70&amp;apos;, ip: &amp;apos;127.0.1.1&amp;apos;, os.name: &amp;apos;Linux&amp;apos;, os.arch: &amp;apos;amd64&amp;apos;, os.version: &amp;apos;4.4.0-51-generic&amp;apos;, java.version: &amp;apos;1.8.0_111&amp;apos;
Driver info: org.openqa.selenium.firefox.FirefoxDriver
Capabilities [{rotatable=false, raisesAccessibilityExceptions=false, appBuildId=20161114144739, version=, platform=LINUX, proxy={}, command_id=1, specificationLevel=0, acceptSslCerts=false, processId=5871, browserVersion=50.0, platformVersion=4.4.0-51-generic, XULappId={ec8030f7-c20a-464f-9b0e-13a3a9e97384}, browserName=firefox, takesScreenshot=true, takesElementScreenshot=true, platformName=linux}]
Session ID: 425ab05a-25b2-4ed2-8c30-da90354ad25d">
      <![CDATA[org.openqa.selenium.StaleElementReferenceException: The element reference is stale. Either the element is no longer attached to the DOM or the page has been refreshed. (WARNING: The server did not provide any stacktrace information)
Command duration or timeout: 34 milliseconds
For documentation on this error, please visit: http://seleniumhq.org/exceptions/stale_element_reference.html
Build info: version: 'unknown', revision: 'c7b525d', time: '2016-09-01 14:52:30 -0700'
System info: host: 'shishir-Lenovo-B40-70', ip: '127.0.1.1', os.name: 'Linux', os.arch: 'amd64', os.version: '4.4.0-51-generic', java.version: '1.8.0_111'
Driver info: org.openqa.selenium.firefox.FirefoxDriver
Capabilities [{rotatable=false, raisesAccessibilityExceptions=false, appBuildId=20161114144739, version=, platform=LINUX, proxy={}, command_id=1, specificationLevel=0, acceptSslCerts=false, processId=5871, browserVersion=50.0, platformVersion=4.4.0-51-generic, XULappId={ec8030f7-c20a-464f-9b0e-13a3a9e97384}, browserName=firefox, takesScreenshot=true, takesElementScreenshot=true, platformName=linux}]
Session ID: 425ab05a-25b2-4ed2-8c30-da90354ad25d
	at sun.reflect.NativeConstructorAccessorImpl.newInstance0(Native Method)
	at sun.reflect.NativeConstructorAccessorImpl.newInstance(NativeConstructorAccessorImpl.java:62)
	at sun.reflect.DelegatingConstructorAccessorImpl.newInstance(DelegatingConstructorAccessorImpl.java:45)
	at java.lang.reflect.Constructor.newInstance(Constructor.java:423)
	at org.openqa.selenium.remote.ErrorHandler.createThrowable(ErrorHandler.java:206)
	at org.openqa.selenium.remote.ErrorHandler.throwIfResponseFailed(ErrorHandler.java:158)
	at org.openqa.selenium.remote.RemoteWebDriver.execute(RemoteWebDriver.java:631)
	at org.openqa.selenium.remote.RemoteWebElement.execute(RemoteWebElement.java:284)
	at org.openqa.selenium.remote.RemoteWebElement.sendKeys(RemoteWebElement.java:108)
	at Base.Test1.newQuestion(Test1.java:32)
	at sun.reflect.NativeMethodAccessorImpl.invoke0(Native Method)
	at sun.reflect.NativeMethodAccessorImpl.invoke(NativeMethodAccessorImpl.java:62)
	at sun.reflect.DelegatingMethodAccessorImpl.invoke(DelegatingMethodAccessorImpl.java:43)
	at java.lang.reflect.Method.invoke(Method.java:498)
	at org.testng.internal.MethodInvocationHelper.invokeMethod(MethodInvocationHelper.java:100)
	at org.testng.internal.Invoker.invokeMethod(Invoker.java:646)
	at org.testng.internal.Invoker.invokeTestMethod(Invoker.java:811)
	at org.testng.internal.Invoker.invokeTestMethods(Invoker.java:1137)
	at org.testng.internal.TestMethodWorker.invokeTestMethods(TestMethodWorker.java:129)
	at org.testng.internal.TestMethodWorker.run(TestMethodWorker.java:112)
	at org.testng.TestRunner.privateRun(TestRunner.java:753)
	at org.testng.TestRunner.run(TestRunner.java:607)
	at org.testng.SuiteRunner.runTest(SuiteRunner.java:368)
	at org.testng.SuiteRunner.runSequentially(SuiteRunner.java:363)
	at org.testng.SuiteRunner.privateRun(SuiteRunner.java:321)
	at org.testng.SuiteRunner.run(SuiteRunner.java:270)
	at org.testng.SuiteRunnerWorker.runSuite(SuiteRunnerWorker.java:52)
	at org.testng.SuiteRunnerWorker.run(SuiteRunnerWorker.java:86)
	at org.testng.TestNG.runSuitesSequentially(TestNG.java:1284)
	at org.testng.TestNG.runSuitesLocally(TestNG.java:1209)
	at org.testng.TestNG.runSuites(TestNG.java:1124)
	at org.testng.TestNG.run(TestNG.java:1096)
	at org.testng.remote.AbstractRemoteTestNG.run(AbstractRemoteTestNG.java:132)
	at org.testng.remote.RemoteTestNG.initAndRun(RemoteTestNG.java:236)
	at org.testng.remote.RemoteTestNG.main(RemoteTestNG.java:81)
]]>
    </failure>
  </testcase> <!-- newQuestion -->
</testsuite> <!-- Default test -->
